2023-11-27T19:08:47 201 INFO uvicorn.error 60 Application startup complete.
2023-11-27T19:08:51 295 INFO uvicorn.error 264 Shutting down
2023-11-27T19:08:51 400 INFO uvicorn.error 65 Waiting for application shutdown.
2023-11-27T19:08:51 408 INFO uvicorn.error 76 Application shutdown complete.
2023-11-27T19:08:51 412 INFO uvicorn.error 86 Finished server process [4169]
2023-11-27T19:08:51 872 INFO uvicorn.error 60 Application startup complete.
2023-11-27T19:08:54 507 INFO uvicorn.error 264 Shutting down
2023-11-27T19:08:54 618 INFO uvicorn.error 65 Waiting for application shutdown.
2023-11-27T19:08:54 620 INFO uvicorn.error 76 Application shutdown complete.
2023-11-27T19:08:54 621 INFO uvicorn.error 86 Finished server process [4203]
2023-11-27T19:10:58 790 INFO uvicorn.error 60 Application startup complete.
2023-11-27T19:11:15 712 INFO uvicorn.access 496 127.0.0.1:38112 - "GET /post HTTP/1.1" 200
2023-11-27T19:13:24 502 INFO uvicorn.error 264 Shutting down
2023-11-27T19:13:24 610 INFO uvicorn.error 65 Waiting for application shutdown.
2023-11-27T19:13:24 611 INFO uvicorn.error 76 Application shutdown complete.
2023-11-27T19:13:24 612 INFO uvicorn.error 86 Finished server process [4573]
2023-11-27T19:13:25 332 INFO uvicorn.error 60 Application startup complete.
2023-11-27T19:13:28 808 INFO uvicorn.error 264 Shutting down
2023-11-27T19:13:28 913 INFO uvicorn.error 65 Waiting for application shutdown.
2023-11-27T19:13:28 918 INFO uvicorn.error 76 Application shutdown complete.
2023-11-27T19:13:28 921 INFO uvicorn.error 86 Finished server process [5008]
2023-11-27T19:13:29 487 INFO uvicorn.error 60 Application startup complete.
2023-11-27T19:13:31 063 INFO uvicorn.access 496 127.0.0.1:60782 - "GET /post HTTP/1.1" 200
2023-11-27T19:14:54 045 INFO uvicorn.error 264 Shutting down
2023-11-27T19:14:54 152 INFO uvicorn.error 65 Waiting for application shutdown.
2023-11-27T19:14:54 154 INFO uvicorn.error 76 Application shutdown complete.
2023-11-27T19:14:54 155 INFO uvicorn.error 86 Finished server process [5041]
2023-11-27T19:14:54 700 INFO uvicorn.error 60 Application startup complete.
2023-11-27T19:14:58 556 INFO uvicorn.error 264 Shutting down
2023-11-27T19:14:58 662 INFO uvicorn.error 65 Waiting for application shutdown.
2023-11-27T19:14:58 664 INFO uvicorn.error 76 Application shutdown complete.
2023-11-27T19:14:58 665 INFO uvicorn.error 86 Finished server process [5300]
2023-11-27T19:14:59 258 INFO uvicorn.error 60 Application startup complete.
2023-11-27T19:15:02 387 INFO uvicorn.error 264 Shutting down
2023-11-27T19:15:02 495 INFO uvicorn.error 65 Waiting for application shutdown.
2023-11-27T19:15:02 497 INFO uvicorn.error 76 Application shutdown complete.
2023-11-27T19:15:02 498 INFO uvicorn.error 86 Finished server process [5339]
2023-11-27T19:15:03 339 INFO uvicorn.error 60 Application startup complete.
2023-11-27T19:15:04 352 INFO uvicorn.error 264 Shutting down
2023-11-27T19:15:04 454 INFO uvicorn.error 65 Waiting for application shutdown.
2023-11-27T19:15:04 456 INFO uvicorn.error 76 Application shutdown complete.
2023-11-27T19:15:04 457 INFO uvicorn.error 86 Finished server process [5374]
2023-11-27T19:15:05 238 INFO uvicorn.error 60 Application startup complete.
2023-11-27T19:15:08 199 INFO uvicorn.error 264 Shutting down
2023-11-27T19:15:08 311 INFO uvicorn.error 65 Waiting for application shutdown.
2023-11-27T19:15:08 315 INFO uvicorn.error 76 Application shutdown complete.
2023-11-27T19:15:08 318 INFO uvicorn.error 86 Finished server process [5378]
2023-11-27T19:15:08 794 INFO uvicorn.error 60 Application startup complete.
2023-11-27T19:18:19 309 INFO uvicorn.error 264 Shutting down
2023-11-27T19:18:19 416 INFO uvicorn.error 65 Waiting for application shutdown.
2023-11-27T19:18:19 429 INFO uvicorn.error 76 Application shutdown complete.
2023-11-27T19:18:19 433 INFO uvicorn.error 86 Finished server process [5411]
2023-11-27T19:18:20 193 INFO uvicorn.error 60 Application startup complete.
2023-11-27T19:18:25 392 INFO uvicorn.error 264 Shutting down
2023-11-27T19:18:25 506 INFO uvicorn.error 65 Waiting for application shutdown.
2023-11-27T19:18:25 510 INFO uvicorn.error 76 Application shutdown complete.
2023-11-27T19:18:25 512 INFO uvicorn.error 86 Finished server process [5910]
2023-11-27T19:18:26 042 INFO uvicorn.error 60 Application startup complete.
2023-11-27T19:18:50 407 INFO uvicorn.error 264 Shutting down
2023-11-27T19:18:50 514 INFO uvicorn.error 65 Waiting for application shutdown.
2023-11-27T19:18:50 517 INFO uvicorn.error 76 Application shutdown complete.
2023-11-27T19:18:50 518 INFO uvicorn.error 86 Finished server process [5960]
2023-11-27T19:18:51 052 INFO uvicorn.error 60 Application startup complete.
2023-11-27T19:18:59 327 INFO uvicorn.error 264 Shutting down
2023-11-27T19:18:59 442 INFO uvicorn.error 65 Waiting for application shutdown.
2023-11-27T19:18:59 448 INFO uvicorn.error 76 Application shutdown complete.
2023-11-27T19:18:59 450 INFO uvicorn.error 86 Finished server process [6052]
2023-11-27T19:19:00 076 INFO uvicorn.error 60 Application startup complete.
2023-11-27T19:19:02 020 INFO uvicorn.access 496 127.0.0.1:56486 - "GET /post HTTP/1.1" 200
2023-11-27T19:19:10 381 INFO uvicorn.access 496 127.0.0.1:34956 - "GET /post/1/comments HTTP/1.1" 200
2023-11-27T19:19:14 931 INFO uvicorn.access 496 127.0.0.1:34956 - "GET /post/1 HTTP/1.1" 200
2023-11-27T19:19:19 690 INFO uvicorn.access 496 127.0.0.1:34956 - "POST /post HTTP/1.1" 201
2023-11-27T19:19:23 665 INFO uvicorn.access 496 127.0.0.1:34956 - "POST /comment HTTP/1.1" 201
2023-11-27T19:20:51 022 INFO uvicorn.error 264 Shutting down
2023-11-27T19:20:51 128 INFO uvicorn.error 65 Waiting for application shutdown.
2023-11-27T19:20:51 130 INFO uvicorn.error 76 Application shutdown complete.
2023-11-27T19:20:51 130 INFO uvicorn.error 86 Finished server process [6119]
2023-11-27T19:20:51 718 INFO uvicorn.error 60 Application startup complete.
2023-11-27T19:20:56 583 INFO uvicorn.access 496 127.0.0.1:55900 - "GET /post HTTP/1.1" 200
2023-11-27T19:21:04 272 INFO uvicorn.error 264 Shutting down
2023-11-27T19:21:04 386 INFO uvicorn.error 65 Waiting for application shutdown.
2023-11-27T19:21:04 393 INFO uvicorn.error 76 Application shutdown complete.
2023-11-27T19:21:04 396 INFO uvicorn.error 86 Finished server process [6540]
2023-11-27T19:21:04 977 INFO uvicorn.error 60 Application startup complete.
2023-11-27T19:21:33 329 INFO uvicorn.error 264 Shutting down
2023-11-27T19:21:33 433 INFO uvicorn.error 65 Waiting for application shutdown.
2023-11-27T19:21:33 435 INFO uvicorn.error 76 Application shutdown complete.
2023-11-27T19:21:33 436 INFO uvicorn.error 86 Finished server process [6642]
2023-11-27T19:21:34 056 INFO uvicorn.error 60 Application startup complete.
2023-11-27T19:21:37 539 INFO uvicorn.error 264 Shutting down
2023-11-27T19:21:37 646 INFO uvicorn.error 65 Waiting for application shutdown.
2023-11-27T19:21:37 651 INFO uvicorn.error 76 Application shutdown complete.
2023-11-27T19:21:37 654 INFO uvicorn.error 86 Finished server process [6744]
2023-11-27T19:21:38 120 INFO uvicorn.error 60 Application startup complete.
2023-11-27T19:21:44 244 INFO uvicorn.access 496 127.0.0.1:43536 - "GET /post HTTP/1.1" 200
2023-11-27T19:32:55 907 INFO uvicorn.error 264 Shutting down
2023-11-27T19:32:56 014 INFO uvicorn.error 65 Waiting for application shutdown.
2023-11-27T19:32:56 016 INFO uvicorn.error 76 Application shutdown complete.
2023-11-27T19:32:56 017 INFO uvicorn.error 86 Finished server process [6777]
2023-11-27T19:32:56 931 INFO uvicorn.error 60 Application startup complete.
2023-11-27T19:33:02 831 INFO uvicorn.error 264 Shutting down
2023-11-27T19:33:02 942 INFO uvicorn.error 65 Waiting for application shutdown.
2023-11-27T19:33:02 947 INFO uvicorn.error 76 Application shutdown complete.
2023-11-27T19:33:02 949 INFO uvicorn.error 86 Finished server process [8531]
2023-11-27T19:33:03 570 INFO uvicorn.error 60 Application startup complete.
2023-11-27T19:33:05 051 INFO uvicorn.access 496 127.0.0.1:50164 - "GET /post HTTP/1.1" 200
2023-11-27T19:33:09 289 INFO uvicorn.access 496 127.0.0.1:50164 - "GET /post HTTP/1.1" 200
2023-11-27T19:33:11 077 INFO uvicorn.access 496 127.0.0.1:50164 - "GET /post HTTP/1.1" 200
2023-11-27T19:33:12 028 INFO uvicorn.access 496 127.0.0.1:50164 - "GET /post HTTP/1.1" 200
2023-11-27T19:33:16 372 INFO uvicorn.error 264 Shutting down
2023-11-27T19:33:16 491 INFO uvicorn.error 65 Waiting for application shutdown.
2023-11-27T19:33:16 496 INFO uvicorn.error 76 Application shutdown complete.
2023-11-27T19:33:16 497 INFO uvicorn.error 86 Finished server process [8594]
2023-11-27T19:33:17 829 INFO uvicorn.error 60 Application startup complete.
2023-11-27T19:33:27 318 INFO uvicorn.error 264 Shutting down
2023-11-27T19:33:27 436 INFO uvicorn.error 65 Waiting for application shutdown.
2023-11-27T19:33:27 440 INFO uvicorn.error 76 Application shutdown complete.
2023-11-27T19:33:27 441 INFO uvicorn.error 86 Finished server process [8690]
2023-11-27T19:33:27 986 INFO uvicorn.error 60 Application startup complete.
2023-11-27T19:35:23 228 INFO uvicorn.error 264 Shutting down
2023-11-27T19:35:23 338 INFO uvicorn.error 65 Waiting for application shutdown.
2023-11-27T19:35:23 358 INFO uvicorn.error 76 Application shutdown complete.
2023-11-27T19:35:23 361 INFO uvicorn.error 86 Finished server process [8752]
2023-11-27T19:35:23 969 INFO uvicorn.error 60 Application startup complete.
2023-11-27T19:35:25 198 INFO uvicorn.error 264 Shutting down
2023-11-27T19:35:25 301 INFO uvicorn.error 65 Waiting for application shutdown.
2023-11-27T19:35:25 303 INFO uvicorn.error 76 Application shutdown complete.
2023-11-27T19:35:25 304 INFO uvicorn.error 86 Finished server process [9085]
2023-11-27T20:37:56 233 INFO - uvicorn.error 60 Application startup complete.
2023-11-27T20:38:13 850 INFO 2f8dc30d uvicorn.access 496 127.0.0.1:50492 - "GET /post HTTP/1.1" 200
2023-11-27T20:38:15 447 INFO 417fc3cd uvicorn.access 496 127.0.0.1:50492 - "GET /post HTTP/1.1" 200
2023-11-27T20:38:16 871 INFO b76d6afc uvicorn.access 496 127.0.0.1:50492 - "GET /post HTTP/1.1" 200
2023-11-27T20:40:05 648 INFO - uvicorn.error 264 Shutting down
2023-11-27T20:40:05 754 INFO - uvicorn.error 65 Waiting for application shutdown.
2023-11-27T20:40:05 756 INFO - uvicorn.error 76 Application shutdown complete.
2023-11-27T20:40:05 757 INFO - uvicorn.error 86 Finished server process [3298]
2023-11-27T20:40:06 313 INFO - uvicorn.error 60 Application startup complete.
2023-11-27T20:40:14 463 INFO 334b11a0 uvicorn.access 496 127.0.0.1:60108 - "GET /post HTTP/1.1" 200
2023-11-27T20:40:21 093 INFO - uvicorn.error 264 Shutting down
2023-11-27T20:40:21 200 INFO - uvicorn.error 65 Waiting for application shutdown.
2023-11-27T20:40:21 204 INFO - uvicorn.error 76 Application shutdown complete.
2023-11-27T20:40:21 207 INFO - uvicorn.error 86 Finished server process [3724]
2023-11-27T20:40:21 735 INFO - uvicorn.error 60 Application startup complete.
2023-11-27T20:41:59 478 INFO - uvicorn.error 264 Shutting down
2023-11-27T20:41:59 616 INFO - uvicorn.error 65 Waiting for application shutdown.
2023-11-27T20:41:59 626 INFO - uvicorn.error 76 Application shutdown complete.
2023-11-27T20:41:59 630 INFO - uvicorn.error 86 Finished server process [3853]
{"asctime": "2023-11-27T20:43:56", "msecs": 901.0, "levelname": "INFO", "correlation_id": "-", "name": "uvicorn.error", "lineno": 60, "message": "Application startup complete.", "taskName": "Task-1"}
{"asctime": "2023-11-27T20:44:25", "msecs": 431.0, "levelname": "INFO", "correlation_id": "-", "name": "uvicorn.error", "lineno": 264, "message": "Shutting down", "taskName": "Task-1"}
{"asctime": "2023-11-27T20:44:25", "msecs": 545.0, "levelname": "INFO", "correlation_id": "-", "name": "uvicorn.error", "lineno": 65, "message": "Waiting for application shutdown.", "taskName": "Task-1"}
{"asctime": "2023-11-27T20:44:25", "msecs": 549.0, "levelname": "INFO", "correlation_id": "-", "name": "uvicorn.error", "lineno": 76, "message": "Application shutdown complete.", "taskName": "Task-1"}
{"asctime": "2023-11-27T20:44:25", "msecs": 551.0, "levelname": "INFO", "correlation_id": "-", "name": "uvicorn.error", "lineno": 86, "message": "Finished server process [4546]", "taskName": "Task-1", "color_message": "Finished server process [\u001b[36m%d\u001b[0m]"}
{"asctime": "2023-11-27T22:06:09", "msecs": 842.0, "levelname": "INFO", "correlation_id": "-", "name": "uvicorn.error", "lineno": 60, "message": "Application startup complete.", "taskName": "Task-1"}
{"asctime": "2023-11-27T22:06:14", "msecs": 223.0, "levelname": "INFO", "correlation_id": "-", "name": "uvicorn.error", "lineno": 264, "message": "Shutting down", "taskName": "Task-1"}
{"asctime": "2023-11-27T22:06:14", "msecs": 330.0, "levelname": "INFO", "correlation_id": "-", "name": "uvicorn.error", "lineno": 65, "message": "Waiting for application shutdown.", "taskName": "Task-1"}
{"asctime": "2023-11-27T22:06:14", "msecs": 333.0, "levelname": "INFO", "correlation_id": "-", "name": "uvicorn.error", "lineno": 76, "message": "Application shutdown complete.", "taskName": "Task-1"}
{"asctime": "2023-11-27T22:06:14", "msecs": 334.0, "levelname": "INFO", "correlation_id": "-", "name": "uvicorn.error", "lineno": 86, "message": "Finished server process [6855]", "taskName": "Task-1", "color_message": "Finished server process [\u001b[36m%d\u001b[0m]"}
{"asctime": "2023-11-27T22:06:14", "msecs": 810.0, "levelname": "INFO", "correlation_id": "-", "name": "uvicorn.error", "lineno": 60, "message": "Application startup complete.", "taskName": "Task-1"}
{"asctime": "2023-11-27T22:06:22", "msecs": 953.0, "levelname": "INFO", "correlation_id": "056d8cd9", "name": "uvicorn.access", "lineno": 496, "message": "127.0.0.1:37400 - \"GET /post HTTP/1.1\" 200", "taskName": "Task-3"}
{"asctime": "2023-11-27T22:06:50", "msecs": 865.0, "levelname": "INFO", "correlation_id": "-", "name": "uvicorn.error", "lineno": 264, "message": "Shutting down", "taskName": "Task-1"}
{"asctime": "2023-11-27T22:06:50", "msecs": 981.0, "levelname": "INFO", "correlation_id": "-", "name": "uvicorn.error", "lineno": 65, "message": "Waiting for application shutdown.", "taskName": "Task-1"}
{"asctime": "2023-11-27T22:06:50", "msecs": 988.0, "levelname": "INFO", "correlation_id": "-", "name": "uvicorn.error", "lineno": 76, "message": "Application shutdown complete.", "taskName": "Task-1"}
{"asctime": "2023-11-27T22:06:50", "msecs": 991.0, "levelname": "INFO", "correlation_id": "-", "name": "uvicorn.error", "lineno": 86, "message": "Finished server process [6892]", "taskName": "Task-1", "color_message": "Finished server process [\u001b[36m%d\u001b[0m]"}
{"asctime": "2023-11-27T22:29:26", "msecs": 587.0, "levelname": "INFO", "correlation_id": "-", "name": "uvicorn.error", "lineno": 60, "message": "Application startup complete.", "taskName": "Task-1"}
{"asctime": "2023-11-27T22:29:50", "msecs": 193.0, "levelname": "INFO", "correlation_id": "-", "name": "uvicorn.error", "lineno": 264, "message": "Shutting down", "taskName": "Task-1"}
{"asctime": "2023-11-27T22:29:50", "msecs": 300.0, "levelname": "INFO", "correlation_id": "-", "name": "uvicorn.error", "lineno": 65, "message": "Waiting for application shutdown.", "taskName": "Task-1"}
{"asctime": "2023-11-27T22:29:50", "msecs": 303.0, "levelname": "INFO", "correlation_id": "-", "name": "uvicorn.error", "lineno": 76, "message": "Application shutdown complete.", "taskName": "Task-1"}
{"asctime": "2023-11-27T22:29:50", "msecs": 304.0, "levelname": "INFO", "correlation_id": "-", "name": "uvicorn.error", "lineno": 86, "message": "Finished server process [10431]", "taskName": "Task-1", "color_message": "Finished server process [\u001b[36m%d\u001b[0m]"}
{"asctime": "2023-11-27T22:29:50", "msecs": 955.0, "levelname": "INFO", "correlation_id": "-", "name": "uvicorn.error", "lineno": 60, "message": "Application startup complete.", "taskName": "Task-1"}
{"asctime": "2023-11-27T22:30:22", "msecs": 11.0, "levelname": "INFO", "correlation_id": "-", "name": "uvicorn.error", "lineno": 264, "message": "Shutting down", "taskName": "Task-1"}
{"asctime": "2023-11-27T22:30:22", "msecs": 131.0, "levelname": "INFO", "correlation_id": "-", "name": "uvicorn.error", "lineno": 65, "message": "Waiting for application shutdown.", "taskName": "Task-1"}
{"asctime": "2023-11-27T22:30:22", "msecs": 138.0, "levelname": "INFO", "correlation_id": "-", "name": "uvicorn.error", "lineno": 76, "message": "Application shutdown complete.", "taskName": "Task-1"}
{"asctime": "2023-11-27T22:30:22", "msecs": 143.0, "levelname": "INFO", "correlation_id": "-", "name": "uvicorn.error", "lineno": 86, "message": "Finished server process [10540]", "taskName": "Task-1", "color_message": "Finished server process [\u001b[36m%d\u001b[0m]"}
{"asctime": "2023-11-27T22:32:21", "msecs": 734.0, "levelname": "INFO", "correlation_id": "-", "name": "uvicorn.error", "lineno": 60, "message": "Application startup complete.", "taskName": "Task-1"}
{"asctime": "2023-11-27T22:32:31", "msecs": 458.0, "levelname": "INFO", "correlation_id": "3bd2dcd6", "name": "uvicorn.access", "lineno": 496, "message": "127.0.0.1:35828 - \"GET /post HTTP/1.1\" 200", "taskName": "Task-3"}
{"asctime": "2023-11-27T22:32:40", "msecs": 832.0, "levelname": "INFO", "correlation_id": "-", "name": "uvicorn.error", "lineno": 264, "message": "Shutting down", "taskName": "Task-1"}
{"asctime": "2023-11-27T22:32:40", "msecs": 939.0, "levelname": "INFO", "correlation_id": "-", "name": "uvicorn.error", "lineno": 65, "message": "Waiting for application shutdown.", "taskName": "Task-1"}
{"asctime": "2023-11-27T22:32:40", "msecs": 941.0, "levelname": "INFO", "correlation_id": "-", "name": "uvicorn.error", "lineno": 76, "message": "Application shutdown complete.", "taskName": "Task-1"}
{"asctime": "2023-11-27T22:32:40", "msecs": 943.0, "levelname": "INFO", "correlation_id": "-", "name": "uvicorn.error", "lineno": 86, "message": "Finished server process [403]", "taskName": "Task-1", "color_message": "Finished server process [\u001b[36m%d\u001b[0m]"}
{"asctime": "2023-11-29T20:19:42", "msecs": 443.0, "levelname": "INFO", "correlation_id": "-", "name": "uvicorn.error", "lineno": 60, "message": "Application startup complete.", "taskName": "Task-1"}
{"asctime": "2023-11-29T20:19:54", "msecs": 565.0, "levelname": "INFO", "correlation_id": "9fd6fab7", "name": "uvicorn.access", "lineno": 496, "message": "127.0.0.1:52436 - \"GET /post HTTP/1.1\" 200", "taskName": "Task-3"}
{"asctime": "2023-11-29T20:20:40", "msecs": 220.0, "levelname": "INFO", "correlation_id": "48394e3b", "name": "uvicorn.access", "lineno": 496, "message": "127.0.0.1:41296 - \"GET /sentry-debug HTTP/1.1\" 500", "taskName": "Task-4"}
{"asctime": "2023-11-29T20:20:40", "msecs": 280.0, "levelname": "ERROR", "correlation_id": "48394e3b", "name": "uvicorn.error", "lineno": 431, "message": "Exception in ASGI application\n", "exc_info": "Traceback (most recent call last):\n  File \"/usr/local/lib/python3.12/site-packages/uvicorn/protocols/http/httptools_impl.py\", line 426, in run_asgi\n    result = await app(  # type: ignore[func-returns-value]\n             ^^^^^^^^^^^^^^^^^^^^^^^^^^^^^^^^^^^^^^^^^^^^^^\n  File \"/usr/local/lib/python3.12/site-packages/uvicorn/middleware/proxy_headers.py\", line 84, in __call__\n    return await self.app(scope, receive, send)\n           ^^^^^^^^^^^^^^^^^^^^^^^^^^^^^^^^^^^^\n  File \"/usr/local/lib/python3.12/site-packages/fastapi/applications.py\", line 1106, in __call__\n    await super().__call__(scope, receive, send)\n  File \"/usr/local/lib/python3.12/site-packages/sentry_sdk/integrations/starlette.py\", line 364, in _sentry_patched_asgi_app\n    return await middleware(scope, receive, send)\n           ^^^^^^^^^^^^^^^^^^^^^^^^^^^^^^^^^^^^^^\n  File \"/usr/local/lib/python3.12/site-packages/sentry_sdk/integrations/asgi.py\", line 146, in _run_asgi3\n    return await self._run_app(scope, receive, send, asgi_version=3)\n           ^^^^^^^^^^^^^^^^^^^^^^^^^^^^^^^^^^^^^^^^^^^^^^^^^^^^^^^^^\n  File \"/usr/local/lib/python3.12/site-packages/sentry_sdk/integrations/asgi.py\", line 241, in _run_app\n    raise exc from None\n  File \"/usr/local/lib/python3.12/site-packages/sentry_sdk/integrations/asgi.py\", line 234, in _run_app\n    return await self.app(\n           ^^^^^^^^^^^^^^^\n  File \"/usr/local/lib/python3.12/site-packages/starlette/applications.py\", line 122, in __call__\n    await self.middleware_stack(scope, receive, send)\n  File \"/usr/local/lib/python3.12/site-packages/sentry_sdk/integrations/starlette.py\", line 157, in _create_span_call\n    return await old_call(app, scope, new_receive, new_send, **kwargs)\n           ^^^^^^^^^^^^^^^^^^^^^^^^^^^^^^^^^^^^^^^^^^^^^^^^^^^^^^^^^^^\n  File \"/usr/local/lib/python3.12/site-packages/starlette/middleware/errors.py\", line 184, in __call__\n    raise exc\n  File \"/usr/local/lib/python3.12/site-packages/starlette/middleware/errors.py\", line 162, in __call__\n    await self.app(scope, receive, _send)\n  File \"/usr/local/lib/python3.12/site-packages/sentry_sdk/integrations/starlette.py\", line 157, in _create_span_call\n    return await old_call(app, scope, new_receive, new_send, **kwargs)\n           ^^^^^^^^^^^^^^^^^^^^^^^^^^^^^^^^^^^^^^^^^^^^^^^^^^^^^^^^^^^\n  File \"/usr/local/lib/python3.12/site-packages/asgi_correlation_id/middleware.py\", line 90, in __call__\n    await self.app(scope, receive, handle_outgoing_request)\n  File \"/usr/local/lib/python3.12/site-packages/sentry_sdk/integrations/starlette.py\", line 256, in _sentry_exceptionmiddleware_call\n    await old_call(self, scope, receive, send)\n  File \"/usr/local/lib/python3.12/site-packages/sentry_sdk/integrations/starlette.py\", line 157, in _create_span_call\n    return await old_call(app, scope, new_receive, new_send, **kwargs)\n           ^^^^^^^^^^^^^^^^^^^^^^^^^^^^^^^^^^^^^^^^^^^^^^^^^^^^^^^^^^^\n  File \"/usr/local/lib/python3.12/site-packages/starlette/middleware/exceptions.py\", line 79, in __call__\n    raise exc\n  File \"/usr/local/lib/python3.12/site-packages/starlette/middleware/exceptions.py\", line 68, in __call__\n    await self.app(scope, receive, sender)\n  File \"/usr/local/lib/python3.12/site-packages/sentry_sdk/integrations/starlette.py\", line 157, in _create_span_call\n    return await old_call(app, scope, new_receive, new_send, **kwargs)\n           ^^^^^^^^^^^^^^^^^^^^^^^^^^^^^^^^^^^^^^^^^^^^^^^^^^^^^^^^^^^\n  File \"/usr/local/lib/python3.12/site-packages/fastapi/middleware/asyncexitstack.py\", line 20, in __call__\n    raise e\n  File \"/usr/local/lib/python3.12/site-packages/fastapi/middleware/asyncexitstack.py\", line 17, in __call__\n    await self.app(scope, receive, send)\n  File \"/usr/local/lib/python3.12/site-packages/starlette/routing.py\", line 718, in __call__\n    await route.handle(scope, receive, send)\n  File \"/usr/local/lib/python3.12/site-packages/starlette/routing.py\", line 276, in handle\n    await self.app(scope, receive, send)\n  File \"/usr/local/lib/python3.12/site-packages/starlette/routing.py\", line 66, in app\n    response = await func(request)\n               ^^^^^^^^^^^^^^^^^^^\n  File \"/usr/local/lib/python3.12/site-packages/sentry_sdk/integrations/fastapi.py\", line 136, in _sentry_app\n    return await old_app(*args, **kwargs)\n           ^^^^^^^^^^^^^^^^^^^^^^^^^^^^^^\n  File \"/usr/local/lib/python3.12/site-packages/fastapi/routing.py\", line 274, in app\n    raw_response = await run_endpoint_function(\n                   ^^^^^^^^^^^^^^^^^^^^^^^^^^^^\n  File \"/usr/local/lib/python3.12/site-packages/fastapi/routing.py\", line 191, in run_endpoint_function\n    return await dependant.call(**values)\n           ^^^^^^^^^^^^^^^^^^^^^^^^^^^^^^\n  File \"/workspaces/56_udemy_teclado_fast_api/social_api/main.py\", line 52, in trigger_error\n    return 1 / 0\n           ~~^~~\nZeroDivisionError: division by zero", "taskName": "Task-4"}
{"asctime": "2023-11-29T20:20:54", "msecs": 871.0, "levelname": "INFO", "correlation_id": "88f4029e", "name": "uvicorn.access", "lineno": 496, "message": "127.0.0.1:40124 - \"GET / HTTP/1.1\" 404", "taskName": "Task-5"}
{"asctime": "2023-11-29T20:20:58", "msecs": 341.0, "levelname": "INFO", "correlation_id": "d5b160f3", "name": "uvicorn.access", "lineno": 496, "message": "127.0.0.1:40124 - \"GET / HTTP/1.1\" 404", "taskName": "Task-6"}
{"asctime": "2023-11-29T20:21:02", "msecs": 463.0, "levelname": "INFO", "correlation_id": "2f507f5a", "name": "uvicorn.access", "lineno": 496, "message": "127.0.0.1:40124 - \"GET /post HTTP/1.1\" 200", "taskName": "Task-7"}
{"asctime": "2023-11-29T20:21:07", "msecs": 829.0, "levelname": "INFO", "correlation_id": "37ea5d3c", "name": "uvicorn.access", "lineno": 496, "message": "127.0.0.1:55010 - \"GET /sentry-debug HTTP/1.1\" 500", "taskName": "Task-8"}
{"asctime": "2023-11-29T20:21:07", "msecs": 836.0, "levelname": "ERROR", "correlation_id": "37ea5d3c", "name": "uvicorn.error", "lineno": 431, "message": "Exception in ASGI application\n", "exc_info": "Traceback (most recent call last):\n  File \"/usr/local/lib/python3.12/site-packages/uvicorn/protocols/http/httptools_impl.py\", line 426, in run_asgi\n    result = await app(  # type: ignore[func-returns-value]\n             ^^^^^^^^^^^^^^^^^^^^^^^^^^^^^^^^^^^^^^^^^^^^^^\n  File \"/usr/local/lib/python3.12/site-packages/uvicorn/middleware/proxy_headers.py\", line 84, in __call__\n    return await self.app(scope, receive, send)\n           ^^^^^^^^^^^^^^^^^^^^^^^^^^^^^^^^^^^^\n  File \"/usr/local/lib/python3.12/site-packages/fastapi/applications.py\", line 1106, in __call__\n    await super().__call__(scope, receive, send)\n  File \"/usr/local/lib/python3.12/site-packages/sentry_sdk/integrations/starlette.py\", line 364, in _sentry_patched_asgi_app\n    return await middleware(scope, receive, send)\n           ^^^^^^^^^^^^^^^^^^^^^^^^^^^^^^^^^^^^^^\n  File \"/usr/local/lib/python3.12/site-packages/sentry_sdk/integrations/asgi.py\", line 146, in _run_asgi3\n    return await self._run_app(scope, receive, send, asgi_version=3)\n           ^^^^^^^^^^^^^^^^^^^^^^^^^^^^^^^^^^^^^^^^^^^^^^^^^^^^^^^^^\n  File \"/usr/local/lib/python3.12/site-packages/sentry_sdk/integrations/asgi.py\", line 241, in _run_app\n    raise exc from None\n  File \"/usr/local/lib/python3.12/site-packages/sentry_sdk/integrations/asgi.py\", line 234, in _run_app\n    return await self.app(\n           ^^^^^^^^^^^^^^^\n  File \"/usr/local/lib/python3.12/site-packages/starlette/applications.py\", line 122, in __call__\n    await self.middleware_stack(scope, receive, send)\n  File \"/usr/local/lib/python3.12/site-packages/sentry_sdk/integrations/starlette.py\", line 157, in _create_span_call\n    return await old_call(app, scope, new_receive, new_send, **kwargs)\n           ^^^^^^^^^^^^^^^^^^^^^^^^^^^^^^^^^^^^^^^^^^^^^^^^^^^^^^^^^^^\n  File \"/usr/local/lib/python3.12/site-packages/starlette/middleware/errors.py\", line 184, in __call__\n    raise exc\n  File \"/usr/local/lib/python3.12/site-packages/starlette/middleware/errors.py\", line 162, in __call__\n    await self.app(scope, receive, _send)\n  File \"/usr/local/lib/python3.12/site-packages/sentry_sdk/integrations/starlette.py\", line 157, in _create_span_call\n    return await old_call(app, scope, new_receive, new_send, **kwargs)\n           ^^^^^^^^^^^^^^^^^^^^^^^^^^^^^^^^^^^^^^^^^^^^^^^^^^^^^^^^^^^\n  File \"/usr/local/lib/python3.12/site-packages/asgi_correlation_id/middleware.py\", line 90, in __call__\n    await self.app(scope, receive, handle_outgoing_request)\n  File \"/usr/local/lib/python3.12/site-packages/sentry_sdk/integrations/starlette.py\", line 256, in _sentry_exceptionmiddleware_call\n    await old_call(self, scope, receive, send)\n  File \"/usr/local/lib/python3.12/site-packages/sentry_sdk/integrations/starlette.py\", line 157, in _create_span_call\n    return await old_call(app, scope, new_receive, new_send, **kwargs)\n           ^^^^^^^^^^^^^^^^^^^^^^^^^^^^^^^^^^^^^^^^^^^^^^^^^^^^^^^^^^^\n  File \"/usr/local/lib/python3.12/site-packages/starlette/middleware/exceptions.py\", line 79, in __call__\n    raise exc\n  File \"/usr/local/lib/python3.12/site-packages/starlette/middleware/exceptions.py\", line 68, in __call__\n    await self.app(scope, receive, sender)\n  File \"/usr/local/lib/python3.12/site-packages/sentry_sdk/integrations/starlette.py\", line 157, in _create_span_call\n    return await old_call(app, scope, new_receive, new_send, **kwargs)\n           ^^^^^^^^^^^^^^^^^^^^^^^^^^^^^^^^^^^^^^^^^^^^^^^^^^^^^^^^^^^\n  File \"/usr/local/lib/python3.12/site-packages/fastapi/middleware/asyncexitstack.py\", line 20, in __call__\n    raise e\n  File \"/usr/local/lib/python3.12/site-packages/fastapi/middleware/asyncexitstack.py\", line 17, in __call__\n    await self.app(scope, receive, send)\n  File \"/usr/local/lib/python3.12/site-packages/starlette/routing.py\", line 718, in __call__\n    await route.handle(scope, receive, send)\n  File \"/usr/local/lib/python3.12/site-packages/starlette/routing.py\", line 276, in handle\n    await self.app(scope, receive, send)\n  File \"/usr/local/lib/python3.12/site-packages/starlette/routing.py\", line 66, in app\n    response = await func(request)\n               ^^^^^^^^^^^^^^^^^^^\n  File \"/usr/local/lib/python3.12/site-packages/sentry_sdk/integrations/fastapi.py\", line 136, in _sentry_app\n    return await old_app(*args, **kwargs)\n           ^^^^^^^^^^^^^^^^^^^^^^^^^^^^^^\n  File \"/usr/local/lib/python3.12/site-packages/fastapi/routing.py\", line 274, in app\n    raw_response = await run_endpoint_function(\n                   ^^^^^^^^^^^^^^^^^^^^^^^^^^^^\n  File \"/usr/local/lib/python3.12/site-packages/fastapi/routing.py\", line 191, in run_endpoint_function\n    return await dependant.call(**values)\n           ^^^^^^^^^^^^^^^^^^^^^^^^^^^^^^\n  File \"/workspaces/56_udemy_teclado_fast_api/social_api/main.py\", line 52, in trigger_error\n    return 1 / 0\n           ~~^~~\nZeroDivisionError: division by zero", "taskName": "Task-8"}
{"asctime": "2023-11-29T20:21:10", "msecs": 811.0, "levelname": "INFO", "correlation_id": "b344cb4c", "name": "uvicorn.access", "lineno": 496, "message": "127.0.0.1:55022 - \"GET /post HTTP/1.1\" 200", "taskName": "Task-9"}
{"asctime": "2023-11-29T20:21:19", "msecs": 685.0, "levelname": "INFO", "correlation_id": "-", "name": "uvicorn.error", "lineno": 264, "message": "Shutting down", "taskName": "Task-1"}
{"asctime": "2023-11-29T20:21:19", "msecs": 790.0, "levelname": "INFO", "correlation_id": "-", "name": "uvicorn.error", "lineno": 65, "message": "Waiting for application shutdown.", "taskName": "Task-1"}
{"asctime": "2023-11-29T20:21:19", "msecs": 794.0, "levelname": "INFO", "correlation_id": "-", "name": "uvicorn.error", "lineno": 76, "message": "Application shutdown complete.", "taskName": "Task-1"}
{"asctime": "2023-11-29T20:21:19", "msecs": 796.0, "levelname": "INFO", "correlation_id": "-", "name": "uvicorn.error", "lineno": 86, "message": "Finished server process [401]", "taskName": "Task-1", "color_message": "Finished server process [\u001b[36m%d\u001b[0m]"}
{"asctime": "2023-11-29T20:37:22", "msecs": 103.0, "levelname": "INFO", "correlation_id": "-", "name": "uvicorn.error", "lineno": 60, "message": "Application startup complete.", "taskName": "Task-1"}
{"asctime": "2023-11-29T20:37:31", "msecs": 770.0, "levelname": "INFO", "correlation_id": "0647ffe7", "name": "social_api.routers.post", "lineno": 41, "message": "Getting all posts", "taskName": "Task-3"}
{"asctime": "2023-11-29T20:37:31", "msecs": 775.0, "levelname": "DEBUG", "correlation_id": "0647ffe7", "name": "social_api.routers.post", "lineno": 43, "message": "SELECT posts.id, posts.body \nFROM posts", "taskName": "Task-3"}
{"asctime": "2023-11-29T20:37:31", "msecs": 797.0, "levelname": "INFO", "correlation_id": "0647ffe7", "name": "uvicorn.access", "lineno": 496, "message": "127.0.0.1:55896 - \"GET /post HTTP/1.1\" 200", "taskName": "Task-3"}
{"asctime": "2023-11-29T20:38:32", "msecs": 694.0, "levelname": "INFO", "correlation_id": "-", "name": "uvicorn.error", "lineno": 264, "message": "Shutting down", "taskName": "Task-1"}
{"asctime": "2023-11-29T20:38:32", "msecs": 805.0, "levelname": "INFO", "correlation_id": "-", "name": "uvicorn.error", "lineno": 65, "message": "Waiting for application shutdown.", "taskName": "Task-1"}
{"asctime": "2023-11-29T20:38:32", "msecs": 808.0, "levelname": "INFO", "correlation_id": "-", "name": "uvicorn.error", "lineno": 76, "message": "Application shutdown complete.", "taskName": "Task-1"}
{"asctime": "2023-11-29T20:38:32", "msecs": 809.0, "levelname": "INFO", "correlation_id": "-", "name": "uvicorn.error", "lineno": 86, "message": "Finished server process [3664]", "taskName": "Task-1", "color_message": "Finished server process [\u001b[36m%d\u001b[0m]"}
{"asctime": "2023-11-29T20:38:34", "msecs": 149.0, "levelname": "INFO", "correlation_id": "-", "name": "uvicorn.error", "lineno": 60, "message": "Application startup complete.", "taskName": "Task-1"}
{"asctime": "2023-11-29T20:38:37", "msecs": 195.0, "levelname": "INFO", "correlation_id": "-", "name": "uvicorn.error", "lineno": 264, "message": "Shutting down", "taskName": "Task-1"}
{"asctime": "2023-11-29T20:38:37", "msecs": 304.0, "levelname": "INFO", "correlation_id": "-", "name": "uvicorn.error", "lineno": 86, "message": "Finished server process [3940]", "taskName": "Task-1", "color_message": "Finished server process [\u001b[36m%d\u001b[0m]"}
{"asctime": "2023-11-29T20:38:37", "msecs": 321.0, "levelname": "ERROR", "correlation_id": "-", "name": "uvicorn.error", "lineno": 134, "message": "Traceback (most recent call last):\n  File \"/usr/local/lib/python3.12/site-packages/starlette/routing.py\", line 686, in lifespan\n    await receive()\n  File \"/usr/local/lib/python3.12/site-packages/sentry_sdk/integrations/starlette.py\", line 136, in _sentry_receive\n    return await receive(*args, **kwargs)\n           ^^^^^^^^^^^^^^^^^^^^^^^^^^^^^^\n  File \"/usr/local/lib/python3.12/site-packages/uvicorn/lifespan/on.py\", line 137, in receive\n    return await self.receive_queue.get()\n           ^^^^^^^^^^^^^^^^^^^^^^^^^^^^^^\n  File \"/usr/local/lib/python3.12/asyncio/queues.py\", line 158, in get\n    await getter\nasyncio.exceptions.CancelledError\n", "taskName": "Task-2"}
{"asctime": "2023-11-29T20:38:41", "msecs": 942.0, "levelname": "INFO", "correlation_id": "-", "name": "uvicorn.error", "lineno": 60, "message": "Application startup complete.", "taskName": "Task-1"}
{"asctime": "2023-11-29T20:38:43", "msecs": 594.0, "levelname": "INFO", "correlation_id": "-", "name": "uvicorn.error", "lineno": 264, "message": "Shutting down", "taskName": "Task-1"}
{"asctime": "2023-11-29T20:38:43", "msecs": 701.0, "levelname": "INFO", "correlation_id": "-", "name": "uvicorn.error", "lineno": 65, "message": "Waiting for application shutdown.", "taskName": "Task-1"}
{"asctime": "2023-11-29T20:38:43", "msecs": 705.0, "levelname": "INFO", "correlation_id": "-", "name": "uvicorn.error", "lineno": 76, "message": "Application shutdown complete.", "taskName": "Task-1"}
{"asctime": "2023-11-29T20:38:43", "msecs": 708.0, "levelname": "INFO", "correlation_id": "-", "name": "uvicorn.error", "lineno": 86, "message": "Finished server process [4003]", "taskName": "Task-1", "color_message": "Finished server process [\u001b[36m%d\u001b[0m]"}
